d:\projects_c\consolecalculator\calculation\calculation\x64\debug\vc143.pdb
d:\projects_c\consolecalculator\calculation\calculation\x64\debug\vc143.idb
d:\projects_c\consolecalculator\calculation\calculation\x64\debug\standard.obj
d:\projects_c\consolecalculator\calculation\calculation\x64\debug\menuhelper.obj
d:\projects_c\consolecalculator\calculation\calculation\x64\debug\consolehelper.obj
d:\projects_c\consolecalculator\calculation\calculation\x64\debug\calculation.obj
d:\projects_c\consolecalculator\calculation\calculation\x64\debug\trigonometry.obj
d:\projects_c\consolecalculator\calculation\calculation\x64\debug\programmer.obj
d:\projects_c\consolecalculator\calculation\calculation\x64\debug\largenumbers.obj
d:\projects_c\consolecalculator\calculation\calculation\x64\debug\engineering.obj
d:\projects_c\consolecalculator\calculation\x64\debug\calculation.exe
d:\projects_c\consolecalculator\calculation\x64\debug\calculation.pdb
d:\projects_c\consolecalculator\calculation\calculation\x64\debug\calculation.ilk
d:\projects_c\consolecalculator\calculation\calculation\x64\debug\string.obj
d:\projects_c\consolecalculator\calculation\calculation\x64\debug\calculation.tlog\cl.command.1.tlog
d:\projects_c\consolecalculator\calculation\calculation\x64\debug\calculation.tlog\cl.items.tlog
d:\projects_c\consolecalculator\calculation\calculation\x64\debug\calculation.tlog\cl.read.1.tlog
d:\projects_c\consolecalculator\calculation\calculation\x64\debug\calculation.tlog\cl.write.1.tlog
d:\projects_c\consolecalculator\calculation\calculation\x64\debug\calculation.tlog\link.command.1.tlog
d:\projects_c\consolecalculator\calculation\calculation\x64\debug\calculation.tlog\link.read.1.tlog
d:\projects_c\consolecalculator\calculation\calculation\x64\debug\calculation.tlog\link.secondary.1.tlog
d:\projects_c\consolecalculator\calculation\calculation\x64\debug\calculation.tlog\link.write.1.tlog
